<?xml version="1.0" encoding="UTF-8"?>
<!-- Generated by org.testng.reporters.JUnitReportReporter -->
<testsuite hostname="DESKTOP-JL7ICEQ" failures="0" tests="1" name="test1.Hello1" time="10.828" errors="0" timestamp="28 Jul 2020 20:01:14 GMT" skipped="0">
  <testcase classname="test1.Hello1" name="test1" time="10.828"/>
</testsuite> <!-- test1.Hello1 -->
